<?xml version="1.0" encoding="UTF-8"?>
<!-- Generated by org.testng.reporters.JUnitReportReporter -->
<testsuite hostname="DESKTOP-CL17NT7" failures="0" tests="1" name="testlog.testlog.test" time="0.015" errors="0" timestamp="2022-07-01T15:34:45 IST" skipped="0">
  <testcase classname="testlog.testlog.test" name="demo" time="0.015"/>
  <system-out/>
</testsuite> <!-- testlog.testlog.test -->
